# JRE version: Java(TM) SE Runtime Environment (8.0_25-b18) (build 1.8.0_25-b18)
# Java VM: Java HotSpot(TM) 64-Bit Server VM (25.25-b02 mixed mode windows-amd64 compressed oops)
Heap:
 PSYoungGen      total 84480K, used 17816K [0x00000000f5580000, 0x00000000fb980000, 0x0000000100000000)
  eden space 70656K, 16% used [0x00000000f5580000,0x00000000f60b8770,0x00000000f9a80000)
  from space 13824K, 45% used [0x00000000fac00000,0x00000000fb22db60,0x00000000fb980000)
  to   space 15872K, 0% used [0x00000000f9a80000,0x00000000f9a80000,0x00000000faa00000)
 ParOldGen       total 107008K, used 31408K [0x00000000e0000000, 0x00000000e6880000, 0x00000000f5580000)
  object space 107008K, 29% used [0x00000000e0000000,0x00000000e1eac378,0x00000000e6880000)
 Metaspace       used 64032K, capacity 69404K, committed 69504K, reserved 1110016K
  class space    used 7937K, capacity 9582K, committed 9600K, reserved 1048576K
GC Heap History (10 events):
Event: 16.641 GC heap before
{Heap before GC invocations=11 (full 2):
 PSYoungGen      total 72192K, used 49477K [0x00000000f5580000, 0x00000000fab00000, 0x0000000100000000)
  eden space 57856K, 67% used [0x00000000f5580000,0x00000000f7b998d8,0x00000000f8e00000)
  from space 14336K, 72% used [0x00000000f9c80000,0x00000000fa6b7de0,0x00000000faa80000)
  to   space 14848K, 0% used [0x00000000f8e00000,0x00000000f8e00000,0x00000000f9c80000)
 ParOldGen       total 82432K, used 26746K [0x00000000e0000000, 0x00000000e5080000, 0x00000000f5580000)
  object space 82432K, 32% used [0x00000000e0000000,0x00000000e1a1e968,0x00000000e5080000)
 Metaspace       used 54007K, capacity 58900K, committed 59028K, reserved 1099776K
  class space    used 6764K, capacity 8382K, committed 8448K, reserved 1048576K
Event: 16.653 GC heap after
Heap after GC invocations=11 (full 2):
 PSYoungGen      total 72704K, used 14818K [0x00000000f5580000, 0x00000000fb700000, 0x0000000100000000)
  eden space 57856K, 0% used [0x00000000f5580000,0x00000000f5580000,0x00000000f8e00000)
  from space 14848K, 99% used [0x00000000f8e00000,0x00000000f9c788d8,0x00000000f9c80000)
  to   space 17408K, 0% used [0x00000000fa600000,0x00000000fa600000,0x00000000fb700000)
 ParOldGen       total 82432K, used 27656K [0x00000000e0000000, 0x00000000e5080000, 0x00000000f5580000)
  object space 82432K, 33% used [0x00000000e0000000,0x00000000e1b020c0,0x00000000e5080000)
 Metaspace       used 54007K, capacity 58900K, committed 59028K, reserved 1099776K
  class space    used 6764K, capacity 8382K, committed 8448K, reserved 1048576K
}
Event: 16.653 GC heap before
{Heap before GC invocations=12 (full 3):
 PSYoungGen      total 72704K, used 14818K [0x00000000f5580000, 0x00000000fb700000, 0x0000000100000000)
  eden space 57856K, 0% used [0x00000000f5580000,0x00000000f5580000,0x00000000f8e00000)
  from space 14848K, 99% used [0x00000000f8e00000,0x00000000f9c788d8,0x00000000f9c80000)
  to   space 17408K, 0% used [0x00000000fa600000,0x00000000fa600000,0x00000000fb700000)
 ParOldGen       total 82432K, used 27656K [0x00000000e0000000, 0x00000000e5080000, 0x00000000f5580000)
  object space 82432K, 33% used [0x00000000e0000000,0x00000000e1b020c0,0x00000000e5080000)
 Metaspace       used 54007K, capacity 58900K, committed 59028K, reserved 1099776K
  class space    used 6764K, capacity 8382K, committed 8448K, reserved 1048576K
Event: 16.777 GC heap after
Heap after GC invocations=12 (full 3):
 PSYoungGen      total 72704K, used 0K [0x00000000f5580000, 0x00000000fb700000, 0x0000000100000000)
  eden space 57856K, 0% used [0x00000000f5580000,0x00000000f5580000,0x00000000f8e00000)
  from space 14848K, 0% used [0x00000000f8e00000,0x00000000f8e00000,0x00000000f9c80000)
  to   space 17408K, 0% used [0x00000000fa600000,0x00000000fa600000,0x00000000fb700000)
 ParOldGen       total 107008K, used 31384K [0x00000000e0000000, 0x00000000e6880000, 0x00000000f5580000)
  object space 107008K, 29% used [0x00000000e0000000,0x00000000e1ea6378,0x00000000e6880000)
 Metaspace       used 54007K, capacity 58900K, committed 59028K, reserved 1099776K
  class space    used 6764K, capacity 8382K, committed 8448K, reserved 1048576K
}
Event: 41.961 GC heap before
{Heap before GC invocations=13 (full 3):
 PSYoungGen      total 72704K, used 57856K [0x00000000f5580000, 0x00000000fb700000, 0x0000000100000000)
  eden space 57856K, 100% used [0x00000000f5580000,0x00000000f8e00000,0x00000000f8e00000)
  from space 14848K, 0% used [0x00000000f8e00000,0x00000000f8e00000,0x00000000f9c80000)
  to   space 17408K, 0% used [0x00000000fa600000,0x00000000fa600000,0x00000000fb700000)
 ParOldGen       total 107008K, used 31384K [0x00000000e0000000, 0x00000000e6880000, 0x00000000f5580000)
  object space 107008K, 29% used [0x00000000e0000000,0x00000000e1ea6378,0x00000000e6880000)
 Metaspace       used 60044K, capacity 64864K, committed 65152K, reserved 1105920K
  class space    used 7443K, capacity 9044K, committed 9088K, reserved 1048576K
Event: 41.971 GC heap after
Heap after GC invocations=13 (full 3):
 PSYoungGen      total 81408K, used 9725K [0x00000000f5580000, 0x00000000fb580000, 0x0000000100000000)
  eden space 65536K, 0% used [0x00000000f5580000,0x00000000f5580000,0x00000000f9580000)
  from space 15872K, 61% used [0x00000000fa600000,0x00000000faf7f7e0,0x00000000fb580000)
  to   space 16384K, 0% used [0x00000000f9580000,0x00000000f9580000,0x00000000fa580000)
 ParOldGen       total 107008K, used 31392K [0x00000000e0000000, 0x00000000e6880000, 0x00000000f5580000)
  object space 107008K, 29% used [0x00000000e0000000,0x00000000e1ea8378,0x00000000e6880000)
 Metaspace       used 60044K, capacity 64864K, committed 65152K, reserved 1105920K
  class space    used 7443K, capacity 9044K, committed 9088K, reserved 1048576K
}
Event: 65.141 GC heap before
{Heap before GC invocations=14 (full 3):
 PSYoungGen      total 81408K, used 75261K [0x00000000f5580000, 0x00000000fb580000, 0x0000000100000000)
  eden space 65536K, 100% used [0x00000000f5580000,0x00000000f9580000,0x00000000f9580000)
  from space 15872K, 61% used [0x00000000fa600000,0x00000000faf7f7e0,0x00000000fb580000)
  to   space 16384K, 0% used [0x00000000f9580000,0x00000000f9580000,0x00000000fa580000)
 ParOldGen       total 107008K, used 31392K [0x00000000e0000000, 0x00000000e6880000, 0x00000000f5580000)
  object space 107008K, 29% used [0x00000000e0000000,0x00000000e1ea8378,0x00000000e6880000)
 Metaspace       used 62029K, capacity 67042K, committed 67328K, reserved 1107968K
  class space    used 7712K, capacity 9352K, committed 9472K, reserved 1048576K
Event: 65.147 GC heap after
Heap after GC invocations=14 (full 3):
 PSYoungGen      total 81920K, used 7437K [0x00000000f5580000, 0x00000000fbc00000, 0x0000000100000000)
  eden space 65536K, 0% used [0x00000000f5580000,0x00000000f5580000,0x00000000f9580000)
  from space 16384K, 45% used [0x00000000f9580000,0x00000000f9cc37a8,0x00000000fa580000)
  to   space 16384K, 0% used [0x00000000fac00000,0x00000000fac00000,0x00000000fbc00000)
 ParOldGen       total 107008K, used 31400K [0x00000000e0000000, 0x00000000e6880000, 0x00000000f5580000)
  object space 107008K, 29% used [0x00000000e0000000,0x00000000e1eaa378,0x00000000e6880000)
 Metaspace       used 62029K, capacity 67042K, committed 67328K, reserved 1107968K
  class space    used 7712K, capacity 9352K, committed 9472K, reserved 1048576K
}
Event: 96.491 GC heap before
{Heap before GC invocations=15 (full 3):
 PSYoungGen      total 81920K, used 72973K [0x00000000f5580000, 0x00000000fbc00000, 0x0000000100000000)
  eden space 65536K, 100% used [0x00000000f5580000,0x00000000f9580000,0x00000000f9580000)
  from space 16384K, 45% used [0x00000000f9580000,0x00000000f9cc37a8,0x00000000fa580000)
  to   space 16384K, 0% used [0x00000000fac00000,0x00000000fac00000,0x00000000fbc00000)
 ParOldGen       total 107008K, used 31400K [0x00000000e0000000, 0x00000000e6880000, 0x00000000f5580000)
  object space 107008K, 29% used [0x00000000e0000000,0x00000000e1eaa378,0x00000000e6880000)
 Metaspace       used 63408K, capacity 68664K, committed 68736K, reserved 1107968K
  class space    used 7877K, capacity 9550K, committed 9600K, reserved 1048576K
Event: 96.497 GC heap after
Heap after GC invocations=15 (full 3):
 PSYoungGen      total 84480K, used 6326K [0x00000000f5580000, 0x00000000fb980000, 0x0000000100000000)
  eden space 70656K, 0% used [0x00000000f5580000,0x00000000f5580000,0x00000000f9a80000)
  from space 13824K, 45% used [0x00000000fac00000,0x00000000fb22db60,0x00000000fb980000)
  to   space 15872K, 0% used [0x00000000f9a80000,0x00000000f9a80000,0x00000000faa00000)
 ParOldGen       total 107008K, used 31408K [0x00000000e0000000, 0x00000000e6880000, 0x00000000f5580000)
  object space 107008K, 29% used [0x00000000e0000000,0x00000000e1eac378,0x00000000e6880000)
 Metaspace       used 63408K, capacity 68664K, committed 68736K, reserved 1107968K
  class space    used 7877K, capacity 9550K, committed 9600K, reserved 1048576K
}

