# JRE version: Java(TM) SE Runtime Environment (8.0_25-b18) (build 1.8.0_25-b18)
# Java VM: Java HotSpot(TM) 64-Bit Server VM (25.25-b02 mixed mode windows-amd64 compressed oops)
Heap:
 PSYoungGen      total 108032K, used 95273K [0x00000000f5580000, 0x00000000fd900000, 0x0000000100000000)
  eden space 94720K, 87% used [0x00000000f5580000,0x00000000fa6545e0,0x00000000fb200000)
  from space 13312K, 93% used [0x00000000fcc00000,0x00000000fd835f78,0x00000000fd900000)
  to   space 19968K, 0% used [0x00000000fb200000,0x00000000fb200000,0x00000000fc580000)
 ParOldGen       total 105984K, used 41334K [0x00000000e0000000, 0x00000000e6780000, 0x00000000f5580000)
  object space 105984K, 39% used [0x00000000e0000000,0x00000000e285d9b0,0x00000000e6780000)
 Metaspace       used 81474K, capacity 87474K, committed 87768K, reserved 1124352K
  class space    used 10096K, capacity 11943K, committed 11992K, reserved 1048576K
GC Heap History (10 events):
Event: 56.670 GC heap before
{Heap before GC invocations=18 (full 3):
 PSYoungGen      total 93696K, used 88165K [0x00000000f5580000, 0x00000000fc880000, 0x0000000100000000)
  eden space 74240K, 100% used [0x00000000f5580000,0x00000000f9e00000,0x00000000f9e00000)
  from space 19456K, 71% used [0x00000000fb180000,0x00000000fbf19468,0x00000000fc480000)
  to   space 19968K, 0% used [0x00000000f9e00000,0x00000000f9e00000,0x00000000fb180000)
 ParOldGen       total 105984K, used 29211K [0x00000000e0000000, 0x00000000e6780000, 0x00000000f5580000)
  object space 105984K, 27% used [0x00000000e0000000,0x00000000e1c86e68,0x00000000e6780000)
 Metaspace       used 71524K, capacity 76718K, committed 76760K, reserved 1116160K
  class space    used 8811K, capacity 10454K, committed 10456K, reserved 1048576K
Event: 56.681 GC heap after
Heap after GC invocations=18 (full 3):
 PSYoungGen      total 94208K, used 14854K [0x00000000f5580000, 0x00000000fd380000, 0x0000000100000000)
  eden space 74240K, 0% used [0x00000000f5580000,0x00000000f5580000,0x00000000f9e00000)
  from space 19968K, 74% used [0x00000000f9e00000,0x00000000fac818c0,0x00000000fb180000)
  to   space 20480K, 0% used [0x00000000fbf80000,0x00000000fbf80000,0x00000000fd380000)
 ParOldGen       total 105984K, used 29219K [0x00000000e0000000, 0x00000000e6780000, 0x00000000f5580000)
  object space 105984K, 27% used [0x00000000e0000000,0x00000000e1c88e68,0x00000000e6780000)
 Metaspace       used 71524K, capacity 76718K, committed 76760K, reserved 1116160K
  class space    used 8811K, capacity 10454K, committed 10456K, reserved 1048576K
}
Event: 71.063 GC heap before
{Heap before GC invocations=19 (full 3):
 PSYoungGen      total 94208K, used 60307K [0x00000000f5580000, 0x00000000fd380000, 0x0000000100000000)
  eden space 74240K, 61% used [0x00000000f5580000,0x00000000f81e3388,0x00000000f9e00000)
  from space 19968K, 74% used [0x00000000f9e00000,0x00000000fac818c0,0x00000000fb180000)
  to   space 20480K, 0% used [0x00000000fbf80000,0x00000000fbf80000,0x00000000fd380000)
 ParOldGen       total 105984K, used 29219K [0x00000000e0000000, 0x00000000e6780000, 0x00000000f5580000)
  object space 105984K, 27% used [0x00000000e0000000,0x00000000e1c88e68,0x00000000e6780000)
 Metaspace       used 72762K, capacity 77934K, committed 78040K, reserved 1116160K
  class space    used 8970K, capacity 10658K, committed 10712K, reserved 1048576K
Event: 71.095 GC heap after
Heap after GC invocations=19 (full 3):
 PSYoungGen      total 108032K, used 15511K [0x00000000f5580000, 0x00000000fd480000, 0x0000000100000000)
  eden space 87552K, 0% used [0x00000000f5580000,0x00000000f5580000,0x00000000fab00000)
  from space 20480K, 75% used [0x00000000fbf80000,0x00000000fcea5e88,0x00000000fd380000)
  to   space 20992K, 0% used [0x00000000fab00000,0x00000000fab00000,0x00000000fbf80000)
 ParOldGen       total 105984K, used 29227K [0x00000000e0000000, 0x00000000e6780000, 0x00000000f5580000)
  object space 105984K, 27% used [0x00000000e0000000,0x00000000e1c8ae68,0x00000000e6780000)
 Metaspace       used 72762K, capacity 77934K, committed 78040K, reserved 1116160K
  class space    used 8970K, capacity 10658K, committed 10712K, reserved 1048576K
}
Event: 71.095 GC heap before
{Heap before GC invocations=20 (full 4):
 PSYoungGen      total 108032K, used 15511K [0x00000000f5580000, 0x00000000fd480000, 0x0000000100000000)
  eden space 87552K, 0% used [0x00000000f5580000,0x00000000f5580000,0x00000000fab00000)
  from space 20480K, 75% used [0x00000000fbf80000,0x00000000fcea5e88,0x00000000fd380000)
  to   space 20992K, 0% used [0x00000000fab00000,0x00000000fab00000,0x00000000fbf80000)
 ParOldGen       total 105984K, used 29227K [0x00000000e0000000, 0x00000000e6780000, 0x00000000f5580000)
  object space 105984K, 27% used [0x00000000e0000000,0x00000000e1c8ae68,0x00000000e6780000)
 Metaspace       used 72762K, capacity 77934K, committed 78040K, reserved 1116160K
  class space    used 8970K, capacity 10658K, committed 10712K, reserved 1048576K
Event: 71.322 GC heap after
Heap after GC invocations=20 (full 4):
 PSYoungGen      total 108032K, used 0K [0x00000000f5580000, 0x00000000fd480000, 0x0000000100000000)
  eden space 87552K, 0% used [0x00000000f5580000,0x00000000f5580000,0x00000000fab00000)
  from space 20480K, 0% used [0x00000000fbf80000,0x00000000fbf80000,0x00000000fd380000)
  to   space 20992K, 0% used [0x00000000fab00000,0x00000000fab00000,0x00000000fbf80000)
 ParOldGen       total 105984K, used 41307K [0x00000000e0000000, 0x00000000e6780000, 0x00000000f5580000)
  object space 105984K, 38% used [0x00000000e0000000,0x00000000e2856d60,0x00000000e6780000)
 Metaspace       used 72762K, capacity 77934K, committed 78040K, reserved 1116160K
  class space    used 8970K, capacity 10658K, committed 10712K, reserved 1048576K
}
Event: 97.240 GC heap before
{Heap before GC invocations=21 (full 4):
 PSYoungGen      total 108032K, used 87552K [0x00000000f5580000, 0x00000000fd480000, 0x0000000100000000)
  eden space 87552K, 100% used [0x00000000f5580000,0x00000000fab00000,0x00000000fab00000)
  from space 20480K, 0% used [0x00000000fbf80000,0x00000000fbf80000,0x00000000fd380000)
  to   space 20992K, 0% used [0x00000000fab00000,0x00000000fab00000,0x00000000fbf80000)
 ParOldGen       total 105984K, used 41307K [0x00000000e0000000, 0x00000000e6780000, 0x00000000f5580000)
  object space 105984K, 38% used [0x00000000e0000000,0x00000000e2856d60,0x00000000e6780000)
 Metaspace       used 76426K, capacity 81600K, committed 81880K, reserved 1120256K
  class space    used 9479K, capacity 11171K, committed 11224K, reserved 1048576K
Event: 97.250 GC heap after
Heap after GC invocations=21 (full 4):
 PSYoungGen      total 108544K, used 8234K [0x00000000f5580000, 0x00000000fe000000, 0x0000000100000000)
  eden space 87552K, 0% used [0x00000000f5580000,0x00000000f5580000,0x00000000fab00000)
  from space 20992K, 39% used [0x00000000fab00000,0x00000000fb30a808,0x00000000fbf80000)
  to   space 20480K, 0% used [0x00000000fcc00000,0x00000000fcc00000,0x00000000fe000000)
 ParOldGen       total 105984K, used 41315K [0x00000000e0000000, 0x00000000e6780000, 0x00000000f5580000)
  object space 105984K, 38% used [0x00000000e0000000,0x00000000e2858d60,0x00000000e6780000)
 Metaspace       used 76426K, capacity 81600K, committed 81880K, reserved 1120256K
  class space    used 9479K, capacity 11171K, committed 11224K, reserved 1048576K
}
Event: 128.774 GC heap before
{Heap before GC invocations=22 (full 4):
 PSYoungGen      total 108544K, used 95786K [0x00000000f5580000, 0x00000000fe000000, 0x0000000100000000)
  eden space 87552K, 100% used [0x00000000f5580000,0x00000000fab00000,0x00000000fab00000)
  from space 20992K, 39% used [0x00000000fab00000,0x00000000fb30a808,0x00000000fbf80000)
  to   space 20480K, 0% used [0x00000000fcc00000,0x00000000fcc00000,0x00000000fe000000)
 ParOldGen       total 105984K, used 41315K [0x00000000e0000000, 0x00000000e6780000, 0x00000000f5580000)
  object space 105984K, 38% used [0x00000000e0000000,0x00000000e2858d60,0x00000000e6780000)
 Metaspace       used 78419K, capacity 84268K, committed 84568K, reserved 1122304K
  class space    used 9743K, capacity 11497K, committed 11608K, reserved 1048576K
Event: 128.787 GC heap after
Heap after GC invocations=22 (full 4):
 PSYoungGen      total 108032K, used 12503K [0x00000000f5580000, 0x00000000fd900000, 0x0000000100000000)
  eden space 94720K, 0% used [0x00000000f5580000,0x00000000f5580000,0x00000000fb200000)
  from space 13312K, 93% used [0x00000000fcc00000,0x00000000fd835f78,0x00000000fd900000)
  to   space 19968K, 0% used [0x00000000fb200000,0x00000000fb200000,0x00000000fc580000)
 ParOldGen       total 105984K, used 41334K [0x00000000e0000000, 0x00000000e6780000, 0x00000000f5580000)
  object space 105984K, 39% used [0x00000000e0000000,0x00000000e285d9b0,0x00000000e6780000)
 Metaspace       used 78419K, capacity 84268K, committed 84568K, reserved 1122304K
  class space    used 9743K, capacity 11497K, committed 11608K, reserved 1048576K
}

